Type d'erreur inconnu : [2] include(rien.php): failed to open stream: No such file or directory<br />

Type d'erreur inconnu : [2] include(): Failed opening 'rien.php' for inclusion (include_path='.:/usr/share/php')<br />

Type d'erreur inconnu : [2] include(rien.php): failed to open stream: No such file or directory<br />

Type d'erreur inconnu : [2] include(): Failed opening 'rien.php' for inclusion (include_path='.:/usr/share/php')<br />


test

test

gif

99
gif
98
gif
97
gif
1572038954_AQXXRGSOYW.file
1572038948_NTYDUOCBLN.file
1572038944_IANJJSMGYH.file
f
fd
fdfdd
fdfdd
fdfdd
1
